<?xml version="1.0" encoding="UTF-8"?>
<!-- Generated by org.testng.reporters.JUnitReportReporter -->
<testsuite hostname="Kartik" name="seleniumwithmaven.Login" tests="1" failures="0" timestamp="19 Jun 2020 09:16:03 GMT" time="0.064" errors="0">
  <testcase name="seleniumwithmaven" time="0.064" classname="seleniumwithmaven.Login"/>
</testsuite>
