<?xml version="1.0" encoding="UTF-8"?>
<!-- Generated by org.testng.reporters.JUnitReportReporter -->
<testsuite hostname="II31-7DHY4Q2" failures="0" tests="1" name="seleniumwithmaven.RunTestOnChrome" time="3.111" errors="0" timestamp="27 Jun 2020 17:13:45 GMT">
  <testcase classname="seleniumwithmaven.RunTestOnChrome" name="test" time="3.111"/>
</testsuite>
