<?xml version="1.0" encoding="UTF-8"?>
<!-- Generated by org.testng.reporters.JUnitReportReporter -->
<testsuite hostname="II31-7DHY4Q2" failures="0" tests="1" name="seleniumwithmaven.RunTestOnChrome" time="58.626" errors="0" timestamp="2020-10-12T18:29:00 IST" skipped="0">
  <testcase classname="seleniumwithmaven.RunTestOnChrome" name="test" time="58.626"/>
</testsuite> <!-- seleniumwithmaven.RunTestOnChrome -->
