<?xml version="1.0" encoding="UTF-8"?>
<!-- Generated by org.testng.reporters.JUnitReportReporter -->
<testsuite hostname="II31-7DHY4Q2" failures="0" tests="1" name="seleniumwithmaven.Login" time="0.010" errors="0" timestamp="2020-10-12T18:29:00 IST" skipped="0">
  <testcase classname="seleniumwithmaven.Login" name="seleniumwithmaven" time="0.010"/>
</testsuite> <!-- seleniumwithmaven.Login -->
