<?xml version="1.0" encoding="UTF-8"?>
<!-- Generated by org.testng.reporters.JUnitReportReporter -->
<testsuite hostname="II31-7DHY4Q2" failures="0" tests="1" name="seleniumwithmaven.RunTestOnChrome" time="14.925" errors="0" timestamp="12 Oct 2020 12:56:41 GMT">
  <testcase classname="seleniumwithmaven.RunTestOnChrome" name="test" time="14.925"/>
</testsuite>
